d:\homework\cs 2336\cs 2336 project 3\phonebook program\phonebook program\debug\vc142.pdb
d:\homework\cs 2336\cs 2336 project 3\phonebook program\phonebook program\debug\vc142.idb
d:\homework\cs 2336\cs 2336 project 3\phonebook program\phonebook program\debug\updateundoredocommand.obj
d:\homework\cs 2336\cs 2336 project 3\phonebook program\phonebook program\debug\undoredo.obj
d:\homework\cs 2336\cs 2336 project 3\phonebook program\phonebook program\debug\undocommand.obj
d:\homework\cs 2336\cs 2336 project 3\phonebook program\phonebook program\debug\stack.obj
d:\homework\cs 2336\cs 2336 project 3\phonebook program\phonebook program\debug\redocommand.obj
d:\homework\cs 2336\cs 2336 project 3\phonebook program\phonebook program\debug\printcommand.obj
d:\homework\cs 2336\cs 2336 project 3\phonebook program\phonebook program\debug\phonebookentry.obj
d:\homework\cs 2336\cs 2336 project 3\phonebook program\phonebook program\debug\phonebook.obj
d:\homework\cs 2336\cs 2336 project 3\phonebook program\phonebook program\debug\menulist.obj
d:\homework\cs 2336\cs 2336 project 3\phonebook program\phonebook program\debug\memoryleak.obj
d:\homework\cs 2336\cs 2336 project 3\phonebook program\phonebook program\debug\insertundoredocommand.obj
d:\homework\cs 2336\cs 2336 project 3\phonebook program\phonebook program\debug\eraseundoredocommand.obj
d:\homework\cs 2336\cs 2336 project 3\phonebook program\phonebook program\debug\erasecommand.obj
d:\homework\cs 2336\cs 2336 project 3\phonebook program\phonebook program\debug\bookcommand.obj
d:\homework\cs 2336\cs 2336 project 3\phonebook program\phonebook program\debug\addupdatecommand.obj
d:\homework\cs 2336\cs 2336 project 3\phonebook program\phonebook program\debug\phonebook program.obj
d:\homework\cs 2336\cs 2336 project 3\phonebook program\phonebook program\debug\phonebook program.ilk
d:\homework\cs 2336\cs 2336 project 3\phonebook program\debug\phonebook program.exe
d:\homework\cs 2336\cs 2336 project 3\phonebook program\debug\phonebook program.pdb
d:\homework\cs 2336\cs 2336 project 3\phonebook program\phonebook program\debug\phoneboo.1e1ddb7c.tlog\cl.command.1.tlog
d:\homework\cs 2336\cs 2336 project 3\phonebook program\phonebook program\debug\phoneboo.1e1ddb7c.tlog\cl.read.1.tlog
d:\homework\cs 2336\cs 2336 project 3\phonebook program\phonebook program\debug\phoneboo.1e1ddb7c.tlog\cl.write.1.tlog
d:\homework\cs 2336\cs 2336 project 3\phonebook program\phonebook program\debug\phoneboo.1e1ddb7c.tlog\link.command.1.tlog
d:\homework\cs 2336\cs 2336 project 3\phonebook program\phonebook program\debug\phoneboo.1e1ddb7c.tlog\link.read.1.tlog
d:\homework\cs 2336\cs 2336 project 3\phonebook program\phonebook program\debug\phoneboo.1e1ddb7c.tlog\link.write.1.tlog
